<?xml version="1.0" encoding="UTF-8"?>
<!-- Generated by org.testng.reporters.JUnitReportReporter -->
<testsuite skipped="0" hostname="DESKTOP-IBOMO1V" name="Org.qsp.testPom.test_TC_01" tests="1" failures="0" timestamp="2020-08-14T09:03:44 IST" time="52.255" errors="0">
  <testcase name="testCreateNewTask" time="52.255" classname="Org.qsp.testPom.test_TC_01"/>
  <system-out>
Cell Valueadmin Cell Valuemanager Cell ValueEnter Home page is displayed  </system-out>
</testsuite> <!-- Org.qsp.testPom.test_TC_01 -->
