<?xml version="1.0" encoding="UTF-8"?>
<!-- Generated by org.testng.reporters.JUnitReportReporter -->
<testsuite skipped="0" hostname="DESKTOP-IBOMO1V" name="Org.qsp.testPom.test_TC11" tests="1" failures="0" timestamp="2020-08-13T23:52:31 IST" time="47.982" errors="0">
  <testcase name="tc11" time="47.982" classname="Org.qsp.testPom.test_TC11"/>
  <system-out>
Cell Valueadmin Cell Valuemanager  </system-out>
</testsuite> <!-- Org.qsp.testPom.test_TC11 -->
