<?xml version="1.0" encoding="UTF-8"?>
<!-- Generated by org.testng.reporters.JUnitReportReporter -->
<testsuite skipped="0" hostname="DESKTOP-IBOMO1V" name="Org.qsp.testngdemo.ReadPropertiesFile" tests="1" failures="0" timestamp="2020-08-09T11:31:25 IST" time="0.008" errors="0">
  <testcase name="m1" time="0.008" classname="Org.qsp.testngdemo.ReadPropertiesFile"/>
  <system-out>
"FireFox" "Valid Login"  </system-out>
</testsuite> <!-- Org.qsp.testngdemo.ReadPropertiesFile -->
