<?xml version="1.0" encoding="UTF-8"?>
<!-- Generated by org.testng.reporters.JUnitReportReporter -->
<testsuite skipped="0" hostname="DESKTOP-IBOMO1V" name="Org.qsp.testPom.test_TC_09" tests="1" failures="0" timestamp="2020-08-13T21:55:48 IST" time="150.841" errors="0">
  <testcase name="tc09" time="150.841" classname="Org.qsp.testPom.test_TC_09"/>
  <system-out>
Cell Valueadmin Cell Valuemanager  </system-out>
</testsuite> <!-- Org.qsp.testPom.test_TC_09 -->
