<?xml version="1.0" encoding="UTF-8"?>
<!-- Generated by org.testng.reporters.JUnitReportReporter -->
<testsuite skipped="0" hostname="DESKTOP-IBOMO1V" name="Org.qsp.testPom.Test_Case_04" tests="1" failures="0" timestamp="2020-08-13T09:31:42 IST" time="58.310" errors="0">
  <testcase name="testCopyPropPage" time="58.310" classname="Org.qsp.testPom.Test_Case_04"/>
  <system-out>
Cell Valueadmin Cell Valuemanager Cell ValueEnter Home page is displayed  </system-out>
</testsuite> <!-- Org.qsp.testPom.Test_Case_04 -->
