<?xml version="1.0" encoding="UTF-8"?>
<!-- Generated by org.testng.reporters.JUnitReportReporter -->
<testsuite skipped="0" hostname="DESKTOP-IBOMO1V" name="Org.qsp.testPom.test_TC05" tests="1" failures="0" timestamp="2020-08-13T09:53:42 IST" time="42.651" errors="0">
  <testcase name="testExportPdfpage" time="42.651" classname="Org.qsp.testPom.test_TC05"/>
  <system-out>
Cell Valueadmin Cell Valuemanager Cell ValueEnter Home page is displayed  </system-out>
</testsuite> <!-- Org.qsp.testPom.test_TC05 -->
