<?xml version="1.0" encoding="UTF-8"?>
<!-- Generated by org.testng.reporters.JUnitReportReporter -->
<testsuite skipped="0" hostname="DESKTOP-IBOMO1V" name="Org.qsp.testPom.test_TC07" tests="1" failures="0" timestamp="2020-08-16T22:12:52 IST" time="108.401" errors="0">
  <testcase name="TC07" time="108.401" classname="Org.qsp.testPom.test_TC07"/>
  <system-out>
Cell Valueadmin Cell Valuemanager Cell ValueEnter Home page is displayed  </system-out>
</testsuite> <!-- Org.qsp.testPom.test_TC07 -->
