<?xml version="1.0" encoding="UTF-8"?>
<!-- Generated by org.testng.reporters.JUnitReportReporter -->
<testsuite skipped="0" hostname="DESKTOP-IBOMO1V" name="Org.qsp.testPom.TestHideRowPage" tests="1" failures="0" timestamp="2020-08-12T23:33:40 IST" time="79.172" errors="0">
  <testcase name="testHideRowPage" time="79.172" classname="Org.qsp.testPom.TestHideRowPage"/>
  <system-out>
Cell Valueadmin Cell Valuemanager Cell ValueEnter Home page is displayed  </system-out>
</testsuite> <!-- Org.qsp.testPom.TestHideRowPage -->
