<?xml version="1.0" encoding="UTF-8"?>
<!-- Generated by org.testng.reporters.JUnitReportReporter -->
<testsuite skipped="0" hostname="DESKTOP-IBOMO1V" name="Org.qsp.testPom.test_TC19" tests="1" failures="0" timestamp="2020-08-17T13:45:09 IST" time="33.203" errors="0">
  <testcase name="tc19" time="33.203" classname="Org.qsp.testPom.test_TC19"/>
  <system-out>
Cell Valueadmin Cell Valuemanager  </system-out>
</testsuite> <!-- Org.qsp.testPom.test_TC19 -->
