<?xml version="1.0" encoding="UTF-8"?>
<!-- Generated by org.testng.reporters.JUnitReportReporter -->
<testsuite skipped="0" hostname="DESKTOP-IBOMO1V" name="Org.qsp.testPom.TestTimeTrackPage1" tests="1" failures="0" timestamp="2020-08-12T23:58:51 IST" time="60.694" errors="0">
  <testcase name="testCreateNewTask" time="60.694" classname="Org.qsp.testPom.TestTimeTrackPage1"/>
  <system-out>
Cell Valueadmin Cell Valuemanager Cell ValueEnter Home page is displayed  </system-out>
</testsuite> <!-- Org.qsp.testPom.TestTimeTrackPage1 -->
