<?xml version="1.0" encoding="UTF-8"?>
<!-- Generated by org.testng.reporters.JUnitReportReporter -->
<testsuite skipped="0" hostname="DESKTOP-IBOMO1V" name="Org.qsp.testPom.test_TC10" tests="1" failures="0" timestamp="2020-08-13T23:06:02 IST" time="48.004" errors="0">
  <testcase name="tc10" time="48.004" classname="Org.qsp.testPom.test_TC10"/>
  <system-out>
Cell Valueadmin Cell Valuemanager  </system-out>
</testsuite> <!-- Org.qsp.testPom.test_TC10 -->
