<?xml version="1.0" encoding="UTF-8"?>
<!-- Generated by org.testng.reporters.JUnitReportReporter -->
<testsuite skipped="0" hostname="DESKTOP-IBOMO1V" name="Org.qsp.testPom.test_TC20" tests="1" failures="0" timestamp="2020-08-17T14:01:21 IST" time="43.405" errors="0">
  <testcase name="tc20" time="43.405" classname="Org.qsp.testPom.test_TC20"/>
  <system-out>
Cell Valueadmin Cell Valuemanager  </system-out>
</testsuite> <!-- Org.qsp.testPom.test_TC20 -->
