<?xml version="1.0" encoding="UTF-8"?>
<!-- Generated by org.testng.reporters.JUnitReportReporter -->
<testsuite skipped="0" hostname="DESKTOP-IBOMO1V" name="Org.qsp.testPom.TestForgetPasswordPage" tests="1" failures="0" timestamp="2020-08-10T11:25:25 IST" time="20.227" errors="0">
  <testcase name="m1" time="20.227" classname="Org.qsp.testPom.TestForgetPasswordPage"/>
  <system-out>
Cell Valueadmin  </system-out>
</testsuite> <!-- Org.qsp.testPom.TestForgetPasswordPage -->
