<?xml version="1.0" encoding="UTF-8"?>
<!-- Generated by org.testng.reporters.JUnitReportReporter -->
<testsuite skipped="0" hostname="DESKTOP-IBOMO1V" name="Org.qsp.testPom.test_TC16" tests="1" failures="0" timestamp="2020-08-17T13:51:45 IST" time="42.106" errors="0">
  <testcase name="tc16" time="42.106" classname="Org.qsp.testPom.test_TC16"/>
  <system-out>
Cell Valueadmin Cell Valuemanager  </system-out>
</testsuite> <!-- Org.qsp.testPom.test_TC16 -->
