<?xml version="1.0" encoding="UTF-8"?>
<!-- Generated by org.testng.reporters.JUnitReportReporter -->
<testsuite skipped="0" hostname="DESKTOP-IBOMO1V" name="Org.qsp.testPom.test_TC08" tests="1" failures="0" timestamp="2020-08-13T18:22:40 IST" time="65.595" errors="0">
  <testcase name="TC08" time="65.595" classname="Org.qsp.testPom.test_TC08"/>
  <system-out>
Cell Valueadmin Cell Valuemanager Cell ValueEnter Home page is displayed  </system-out>
</testsuite> <!-- Org.qsp.testPom.test_TC08 -->
