<?xml version="1.0" encoding="UTF-8"?>
<!-- Generated by org.testng.reporters.JUnitReportReporter -->
<testsuite skipped="0" hostname="DESKTOP-IBOMO1V" name="Org.qsp.testPom.test_TC13" tests="1" failures="0" timestamp="2020-08-14T01:07:47 IST" time="40.045" errors="0">
  <testcase name="tc13" time="40.045" classname="Org.qsp.testPom.test_TC13"/>
  <system-out>
Cell Valueadmin Cell Valuemanager  </system-out>
</testsuite> <!-- Org.qsp.testPom.test_TC13 -->
