<?xml version="1.0" encoding="UTF-8"?>
<!-- Generated by org.testng.reporters.JUnitReportReporter -->
<testsuite skipped="0" hostname="DESKTOP-IBOMO1V" name="Org.qsp.testPom.TestCreatedCustomer" tests="1" failures="0" timestamp="2020-08-13T00:06:03 IST" time="46.618" errors="0">
  <testcase name="testCreatedCustomerPage" time="46.618" classname="Org.qsp.testPom.TestCreatedCustomer"/>
  <system-out>
Cell Valueadmin Cell Valuemanager Cell ValueEnter Home page is displayed  </system-out>
</testsuite> <!-- Org.qsp.testPom.TestCreatedCustomer -->
