<?xml version="1.0" encoding="UTF-8"?>
<!-- Generated by org.testng.reporters.JUnitReportReporter -->
<testsuite skipped="0" hostname="DESKTOP-IBOMO1V" name="Org.qsp.testPom.test_TC17" tests="1" failures="0" timestamp="2020-08-17T13:29:08 IST" time="51.976" errors="0">
  <testcase name="tc17" time="51.976" classname="Org.qsp.testPom.test_TC17"/>
  <system-out>
Cell Valueadmin Cell Valuemanager  </system-out>
</testsuite> <!-- Org.qsp.testPom.test_TC17 -->
