<?xml version="1.0" encoding="UTF-8"?>
<!-- Generated by org.testng.reporters.JUnitReportReporter -->
<testsuite skipped="0" hostname="DESKTOP-IBOMO1V" name="Org.qsp.testPom.TestXLHeader" tests="1" failures="0" timestamp="2020-08-13T10:38:15 IST" time="0.782" errors="0">
  <testcase name="testXLHeader" time="0.782" classname="Org.qsp.testPom.TestXLHeader"/>
  <system-out>
Cell Valueuname Cell Valuepwd Cell Valuetitle Cell Valuecustname Cell Valueprojname Cell ValueHealthcare  </system-out>
</testsuite> <!-- Org.qsp.testPom.TestXLHeader -->
