<?xml version="1.0" encoding="UTF-8"?>
<!-- Generated by org.testng.reporters.JUnitReportReporter -->
<testsuite skipped="0" hostname="DESKTOP-IBOMO1V" name="Org.qsp.testPom.test_TC12" tests="1" failures="0" timestamp="2020-08-14T00:15:40 IST" time="102.510" errors="0">
  <testcase name="tc12" time="102.510" classname="Org.qsp.testPom.test_TC12"/>
  <system-out>
Cell Valueadmin Cell Valuemanager  </system-out>
</testsuite> <!-- Org.qsp.testPom.test_TC12 -->
