<?xml version="1.0" encoding="UTF-8"?>
<!-- Generated by org.testng.reporters.JUnitReportReporter -->
<testsuite skipped="0" hostname="DESKTOP-IBOMO1V" name="Org.qsp.testPom.test_TC15" tests="1" failures="0" timestamp="2020-08-17T14:47:27 IST" time="54.777" errors="0">
  <testcase name="tc15" time="54.777" classname="Org.qsp.testPom.test_TC15"/>
  <system-out>
Cell Valueadmin Cell Valuemanager  </system-out>
</testsuite> <!-- Org.qsp.testPom.test_TC15 -->
